<?xml version="1.0" encoding="UTF-8"?>
<coverage generated="1599709797955" clover="3.2.0">
  <project timestamp="1599709797955" name="All files">
    <metrics statements="164" coveredstatements="164" conditionals="68" coveredconditionals="68" methods="37" coveredmethods="37" elements="269" coveredelements="269" complexity="0" loc="164" ncloc="164" packages="1" files="7" classes="7"/>
    <file name="Entities.ts" path="/Users/bush/vscode/snooty-vscode/src/spigot-server/Entities.ts">
      <metrics statements="63" coveredstatements="63" conditionals="30" coveredconditionals="30" methods="15" coveredmethods="15"/>
      <line num="1" count="2" type="stmt"/>
      <line num="7" count="2" type="stmt"/>
      <line num="9" count="2" type="stmt"/>
      <line num="10" count="2" type="stmt"/>
      <line num="13" count="2" type="stmt"/>
      <line num="15" count="1" type="stmt"/>
      <line num="19" count="9" type="stmt"/>
      <line num="22" count="25" type="stmt"/>
      <line num="23" count="19" type="stmt"/>
      <line num="26" count="25" type="stmt"/>
      <line num="27" count="98" type="stmt"/>
      <line num="30" count="25" type="stmt"/>
      <line num="31" count="10" type="stmt"/>
      <line num="36" count="25" type="stmt"/>
      <line num="37" count="84" type="stmt"/>
      <line num="38" count="84" type="stmt"/>
      <line num="39" count="44" type="stmt"/>
      <line num="40" count="44" type="cond" truecount="2" falsecount="0"/>
      <line num="41" count="1" type="stmt"/>
      <line num="44" count="84" type="stmt"/>
      <line num="49" count="25" type="stmt"/>
      <line num="50" count="63" type="stmt"/>
      <line num="51" count="63" type="stmt"/>
      <line num="52" count="40" type="stmt"/>
      <line num="53" count="40" type="cond" truecount="2" falsecount="0"/>
      <line num="54" count="1" type="stmt"/>
      <line num="57" count="63" type="stmt"/>
      <line num="62" count="25" type="stmt"/>
      <line num="63" count="70" type="cond" truecount="4" falsecount="0"/>
      <line num="64" count="70" type="stmt"/>
      <line num="65" count="70" type="stmt"/>
      <line num="69" count="25" type="stmt"/>
      <line num="70" count="86" type="stmt"/>
      <line num="71" count="86" type="cond" truecount="2" falsecount="0"/>
      <line num="72" count="45" type="stmt"/>
      <line num="73" count="45" type="cond" truecount="2" falsecount="0"/>
      <line num="78" count="1" type="stmt"/>
      <line num="91" count="44" type="stmt"/>
      <line num="93" count="41" type="cond" truecount="2" falsecount="0"/>
      <line num="95" count="1" type="stmt"/>
      <line num="102" count="40" type="cond" truecount="2" falsecount="0"/>
      <line num="103" count="21" type="stmt"/>
      <line num="105" count="40" type="stmt"/>
      <line num="108" count="84" type="stmt"/>
      <line num="109" count="84" type="cond" truecount="2" falsecount="0"/>
      <line num="110" count="62" type="stmt"/>
      <line num="112" count="84" type="stmt"/>
      <line num="115" count="25" type="stmt"/>
      <line num="116" count="29" type="cond" truecount="2" falsecount="0"/>
      <line num="117" count="23" type="stmt"/>
      <line num="120" count="6" type="stmt"/>
      <line num="122" count="6" type="cond" truecount="2" falsecount="0"/>
      <line num="124" count="9" type="stmt"/>
      <line num="126" count="6" type="cond" truecount="2" falsecount="0"/>
      <line num="127" count="1" type="stmt"/>
      <line num="130" count="5" type="cond" truecount="2" falsecount="0"/>
      <line num="133" count="1" type="stmt"/>
      <line num="134" count="1" type="stmt"/>
      <line num="138" count="4" type="stmt"/>
      <line num="139" count="4" type="stmt"/>
      <line num="142" count="25" type="stmt"/>
      <line num="143" count="25" type="stmt"/>
      <line num="144" count="25" type="stmt"/>
    </file>
    <file name="Project.ts" path="/Users/bush/vscode/snooty-vscode/src/spigot-server/Project.ts">
      <metrics statements="60" coveredstatements="60" conditionals="22" coveredconditionals="22" methods="14" coveredmethods="14"/>
      <line num="1" count="1" type="stmt"/>
      <line num="15" count="1" type="stmt"/>
      <line num="16" count="1" type="stmt"/>
      <line num="20" count="1" type="stmt"/>
      <line num="21" count="20" type="stmt"/>
      <line num="22" count="21" type="stmt"/>
      <line num="23" count="21" type="stmt"/>
      <line num="26" count="20" type="stmt"/>
      <line num="27" count="19" type="stmt"/>
      <line num="31" count="35" type="stmt"/>
      <line num="34" count="20" type="stmt"/>
      <line num="35" count="61" type="stmt"/>
      <line num="37" count="61" type="stmt"/>
      <line num="39" count="61" type="stmt"/>
      <line num="40" count="61" type="stmt"/>
      <line num="41" count="61" type="stmt"/>
      <line num="42" count="61" type="stmt"/>
      <line num="45" count="20" type="stmt"/>
      <line num="46" count="9" type="stmt"/>
      <line num="47" count="9" type="stmt"/>
      <line num="50" count="20" type="stmt"/>
      <line num="51" count="7" type="stmt"/>
      <line num="57" count="7" type="cond" truecount="2" falsecount="0"/>
      <line num="58" count="2" type="stmt"/>
      <line num="61" count="5" type="stmt"/>
      <line num="63" count="5" type="cond" truecount="2" falsecount="0"/>
      <line num="64" count="1" type="stmt"/>
      <line num="67" count="4" type="stmt"/>
      <line num="70" count="20" type="stmt"/>
      <line num="71" count="8" type="stmt"/>
      <line num="72" count="8" type="stmt"/>
      <line num="78" count="8" type="cond" truecount="2" falsecount="0"/>
      <line num="79" count="1" type="stmt"/>
      <line num="82" count="7" type="stmt"/>
      <line num="86" count="7" type="stmt"/>
      <line num="88" count="7" type="cond" truecount="2" falsecount="0"/>
      <line num="89" count="2" type="cond" truecount="2" falsecount="0"/>
      <line num="92" count="9" type="stmt"/>
      <line num="94" count="5" type="cond" truecount="2" falsecount="0"/>
      <line num="95" count="1" type="stmt"/>
      <line num="98" count="5" type="stmt"/>
      <line num="101" count="20" type="stmt"/>
      <line num="104" count="3" type="stmt"/>
      <line num="105" count="3" type="cond" truecount="2" falsecount="0"/>
      <line num="106" count="1" type="stmt"/>
      <line num="109" count="2" type="stmt"/>
      <line num="112" count="2" type="stmt"/>
      <line num="122" count="2" type="cond" truecount="2" falsecount="0"/>
      <line num="123" count="1" type="stmt"/>
      <line num="126" count="1" type="stmt"/>
      <line num="133" count="20" type="stmt"/>
      <line num="134" count="2" type="stmt"/>
      <line num="138" count="2" type="cond" truecount="2" falsecount="0"/>
      <line num="139" count="1" type="stmt"/>
      <line num="142" count="1" type="stmt"/>
      <line num="145" count="2" type="cond" truecount="2" falsecount="0"/>
      <line num="149" count="1" type="stmt"/>
      <line num="150" count="1" type="stmt"/>
      <line num="159" count="20" type="stmt"/>
      <line num="160" count="20" type="stmt"/>
    </file>
    <file name="findEntities.ts" path="/Users/bush/vscode/snooty-vscode/src/spigot-server/findEntities.ts">
      <metrics statements="17" coveredstatements="17" conditionals="4" coveredconditionals="4" methods="3" coveredmethods="3"/>
      <line num="2" count="4" type="stmt"/>
      <line num="6" count="4" type="stmt"/>
      <line num="11" count="157" type="stmt"/>
      <line num="12" count="157" type="stmt"/>
      <line num="13" count="157" type="stmt"/>
      <line num="15" count="157" type="stmt"/>
      <line num="18" count="227" type="stmt"/>
      <line num="19" count="99" type="stmt"/>
      <line num="25" count="99" type="cond" truecount="2" falsecount="0"/>
      <line num="26" count="3" type="stmt"/>
      <line num="29" count="96" type="stmt"/>
      <line num="31" count="96" type="stmt"/>
      <line num="40" count="96" type="stmt"/>
      <line num="44" count="157" type="cond" truecount="2" falsecount="0"/>
      <line num="46" count="70" type="stmt"/>
      <line num="48" count="9" type="stmt"/>
      <line num="53" count="157" type="stmt"/>
    </file>
    <file name="findEntityAtPosition.ts" path="/Users/bush/vscode/snooty-vscode/src/spigot-server/findEntityAtPosition.ts">
      <metrics statements="12" coveredstatements="12" conditionals="10" coveredconditionals="10" methods="2" coveredmethods="2"/>
      <line num="7" count="1" type="stmt"/>
      <line num="12" count="15" type="cond" truecount="2" falsecount="0"/>
      <line num="13" count="1" type="stmt"/>
      <line num="16" count="14" type="stmt"/>
      <line num="17" count="14" type="cond" truecount="2" falsecount="0"/>
      <line num="18" count="1" type="stmt"/>
      <line num="21" count="13" type="stmt"/>
      <line num="24" count="13" type="cond" truecount="2" falsecount="0"/>
      <line num="26" count="16" type="stmt"/>
      <line num="27" count="16" type="stmt"/>
      <line num="28" count="16" type="stmt"/>
      <line num="29" count="16" type="cond" truecount="2" falsecount="0"/>
    </file>
    <file name="findLabels.ts" path="/Users/bush/vscode/snooty-vscode/src/spigot-server/findLabels.ts">
      <metrics statements="3" coveredstatements="3" conditionals="0" coveredconditionals="0" methods="1" coveredmethods="1"/>
      <line num="3" count="3" type="stmt"/>
      <line num="6" count="3" type="stmt"/>
      <line num="7" count="87" type="stmt"/>
    </file>
    <file name="findReferences.ts" path="/Users/bush/vscode/snooty-vscode/src/spigot-server/findReferences.ts">
      <metrics statements="3" coveredstatements="3" conditionals="0" coveredconditionals="0" methods="1" coveredmethods="1"/>
      <line num="3" count="3" type="stmt"/>
      <line num="6" count="3" type="stmt"/>
      <line num="7" count="70" type="stmt"/>
    </file>
    <file name="isCommentedOut.ts" path="/Users/bush/vscode/snooty-vscode/src/spigot-server/isCommentedOut.ts">
      <metrics statements="6" coveredstatements="6" conditionals="2" coveredconditionals="2" methods="1" coveredmethods="1"/>
      <line num="2" count="4" type="stmt"/>
      <line num="5" count="4" type="stmt"/>
      <line num="9" count="99" type="cond" truecount="2" falsecount="0"/>
      <line num="10" count="46" type="stmt"/>
      <line num="14" count="53" type="stmt"/>
      <line num="19" count="53" type="stmt"/>
    </file>
  </project>
</coverage>
