{"/Users/bush/vscode/snooty-vscode/src/spigot-server/Entities.ts": {"path":"/Users/bush/vscode/snooty-vscode/src/spigot-server/Entities.ts","statementMap":{"0":{"start":{"line":1,"column":0},"end":{"line":1,"column":null}},"1":{"start":{"line":7,"column":0},"end":{"line":7,"column":41}},"2":{"start":{"line":9,"column":0},"end":{"line":9,"column":42}},"3":{"start":{"line":10,"column":0},"end":{"line":10,"column":50}},"4":{"start":{"line":22,"column":2},"end":{"line":24,"column":4}},"5":{"start":{"line":23,"column":4},"end":{"line":23,"column":45}},"6":{"start":{"line":26,"column":2},"end":{"line":28,"column":4}},"7":{"start":{"line":27,"column":4},"end":{"line":27,"column":40}},"8":{"start":{"line":30,"column":2},"end":{"line":32,"column":4}},"9":{"start":{"line":31,"column":4},"end":{"line":31,"column":38}},"10":{"start":{"line":36,"column":2},"end":{"line":45,"column":4}},"11":{"start":{"line":37,"column":38},"end":{"line":37,"column":40}},"12":{"start":{"line":38,"column":4},"end":{"line":43,"column":7}},"13":{"start":{"line":39,"column":25},"end":{"line":39,"column":40}},"14":{"start":{"line":40,"column":6},"end":{"line":42,"column":null}},"15":{"start":{"line":41,"column":8},"end":{"line":41,"column":37}},"16":{"start":{"line":44,"column":4},"end":{"line":44,"column":23}},"17":{"start":{"line":49,"column":2},"end":{"line":58,"column":4}},"18":{"start":{"line":50,"column":38},"end":{"line":50,"column":40}},"19":{"start":{"line":51,"column":4},"end":{"line":56,"column":7}},"20":{"start":{"line":52,"column":25},"end":{"line":52,"column":44}},"21":{"start":{"line":53,"column":6},"end":{"line":55,"column":null}},"22":{"start":{"line":54,"column":8},"end":{"line":54,"column":37}},"23":{"start":{"line":57,"column":4},"end":{"line":57,"column":23}},"24":{"start":{"line":62,"column":2},"end":{"line":66,"column":4}},"25":{"start":{"line":63,"column":26},"end":{"line":63,"column":68}},"26":{"start":{"line":64,"column":4},"end":{"line":64,"column":42}},"27":{"start":{"line":65,"column":4},"end":{"line":65,"column":48}},"28":{"start":{"line":69,"column":2},"end":{"line":113,"column":4}},"29":{"start":{"line":70,"column":37},"end":{"line":70,"column":43}},"30":{"start":{"line":71,"column":4},"end":{"line":106,"column":null}},"31":{"start":{"line":72,"column":34},"end":{"line":72,"column":59}},"32":{"start":{"line":73,"column":6},"end":{"line":90,"column":null}},"33":{"start":{"line":78,"column":8},"end":{"line":89,"column":10}},"34":{"start":{"line":91,"column":6},"end":{"line":91,"column":43}},"35":{"start":{"line":93,"column":6},"end":{"line":101,"column":null}},"36":{"start":{"line":95,"column":8},"end":{"line":100,"column":10}},"37":{"start":{"line":102,"column":6},"end":{"line":104,"column":null}},"38":{"start":{"line":103,"column":8},"end":{"line":103,"column":39}},"39":{"start":{"line":105,"column":6},"end":{"line":105,"column":47}},"40":{"start":{"line":108,"column":20},"end":{"line":108,"column":35}},"41":{"start":{"line":109,"column":4},"end":{"line":111,"column":null}},"42":{"start":{"line":110,"column":6},"end":{"line":110,"column":44}},"43":{"start":{"line":112,"column":4},"end":{"line":112,"column":52}},"44":{"start":{"line":115,"column":2},"end":{"line":140,"column":4}},"45":{"start":{"line":116,"column":4},"end":{"line":118,"column":null}},"46":{"start":{"line":117,"column":6},"end":{"line":117,"column":52}},"47":{"start":{"line":120,"column":20},"end":{"line":120,"column":35}},"48":{"start":{"line":122,"column":26},"end":{"line":124,"column":49}},"49":{"start":{"line":124,"column":24},"end":{"line":124,"column":48}},"50":{"start":{"line":126,"column":4},"end":{"line":128,"column":null}},"51":{"start":{"line":127,"column":6},"end":{"line":127,"column":19}},"52":{"start":{"line":130,"column":4},"end":{"line":135,"column":null}},"53":{"start":{"line":133,"column":6},"end":{"line":133,"column":43}},"54":{"start":{"line":134,"column":6},"end":{"line":134,"column":18}},"55":{"start":{"line":138,"column":4},"end":{"line":138,"column":56}},"56":{"start":{"line":139,"column":4},"end":{"line":139,"column":16}},"57":{"start":{"line":142,"column":10},"end":{"line":142,"column":50}},"58":{"start":{"line":143,"column":10},"end":{"line":143,"column":50}},"59":{"start":{"line":144,"column":10},"end":{"line":144,"column":65}},"60":{"start":{"line":15,"column":4},"end":{"line":15,"column":68}},"61":{"start":{"line":15,"column":60},"end":{"line":15,"column":66}},"62":{"start":{"line":19,"column":4},"end":{"line":19,"column":59}},"63":{"start":{"line":13,"column":0},"end":{"line":13,"column":13}}},"fnMap":{"0":{"name":"(anonymous_0)","decl":{"start":{"line":13,"column":0},"end":{"line":13,"column":13}},"loc":{"start":{"line":13,"column":0},"end":{"line":145,"column":1}}},"1":{"name":"(anonymous_1)","decl":{"start":{"line":22,"column":26},"end":{"line":22,"column":27}},"loc":{"start":{"line":22,"column":69},"end":{"line":24,"column":3}}},"2":{"name":"(anonymous_2)","decl":{"start":{"line":26,"column":19},"end":{"line":26,"column":20}},"loc":{"start":{"line":26,"column":54},"end":{"line":28,"column":3}}},"3":{"name":"(anonymous_3)","decl":{"start":{"line":30,"column":18},"end":{"line":30,"column":19}},"loc":{"start":{"line":30,"column":55},"end":{"line":32,"column":3}}},"4":{"name":"(anonymous_4)","decl":{"start":{"line":36,"column":22},"end":{"line":36,"column":23}},"loc":{"start":{"line":36,"column":63},"end":{"line":45,"column":3}}},"5":{"name":"(anonymous_5)","decl":{"start":{"line":38,"column":33},"end":{"line":38,"column":34}},"loc":{"start":{"line":38,"column":43},"end":{"line":43,"column":5}}},"6":{"name":"(anonymous_6)","decl":{"start":{"line":49,"column":26},"end":{"line":49,"column":27}},"loc":{"start":{"line":49,"column":67},"end":{"line":58,"column":3}}},"7":{"name":"(anonymous_7)","decl":{"start":{"line":51,"column":37},"end":{"line":51,"column":38}},"loc":{"start":{"line":51,"column":51},"end":{"line":56,"column":5}}},"8":{"name":"(anonymous_8)","decl":{"start":{"line":62,"column":22},"end":{"line":62,"column":23}},"loc":{"start":{"line":62,"column":52},"end":{"line":66,"column":3}}},"9":{"name":"(anonymous_9)","decl":{"start":{"line":69,"column":8},"end":{"line":69,"column":9}},"loc":{"start":{"line":69,"column":51},"end":{"line":113,"column":3}}},"10":{"name":"(anonymous_10)","decl":{"start":{"line":115,"column":11},"end":{"line":115,"column":12}},"loc":{"start":{"line":115,"column":39},"end":{"line":140,"column":3}}},"11":{"name":"(anonymous_11)","decl":{"start":{"line":124,"column":15},"end":{"line":124,"column":16}},"loc":{"start":{"line":124,"column":24},"end":{"line":124,"column":48}}},"12":{"name":"(anonymous_12)","decl":{"start":{"line":14,"column":2},"end":{"line":14,"column":6}},"loc":{"start":{"line":14,"column":18},"end":{"line":16,"column":3}}},"13":{"name":"(anonymous_13)","decl":{"start":{"line":15,"column":42},"end":{"line":15,"column":43}},"loc":{"start":{"line":15,"column":60},"end":{"line":15,"column":66}}},"14":{"name":"(anonymous_14)","decl":{"start":{"line":18,"column":2},"end":{"line":18,"column":6}},"loc":{"start":{"line":18,"column":10},"end":{"line":20,"column":3}}}},"branchMap":{"0":{"loc":{"start":{"line":40,"column":6},"end":{"line":42,"column":null}},"type":"if","locations":[{"start":{"line":40,"column":6},"end":{"line":42,"column":null}},{"start":{"line":40,"column":6},"end":{"line":42,"column":null}}]},"1":{"loc":{"start":{"line":53,"column":6},"end":{"line":55,"column":null}},"type":"if","locations":[{"start":{"line":53,"column":6},"end":{"line":55,"column":null}},{"start":{"line":53,"column":6},"end":{"line":55,"column":null}}]},"2":{"loc":{"start":{"line":63,"column":62},"end":{"line":63,"column":66}},"type":"cond-expr","locations":[{"start":{"line":63,"column":62},"end":{"line":63,"column":66}},{"start":{"line":63,"column":66},"end":{"line":63,"column":68}}]},"3":{"loc":{"start":{"line":63,"column":26},"end":{"line":63,"column":66}},"type":"binary-expr","locations":[{"start":{"line":63,"column":26},"end":{"line":63,"column":66}},{"start":{"line":63,"column":62},"end":{"line":63,"column":66}}]},"4":{"loc":{"start":{"line":71,"column":4},"end":{"line":106,"column":null}},"type":"if","locations":[{"start":{"line":71,"column":4},"end":{"line":106,"column":null}},{"start":{"line":71,"column":4},"end":{"line":106,"column":null}}]},"5":{"loc":{"start":{"line":73,"column":6},"end":{"line":90,"column":null}},"type":"if","locations":[{"start":{"line":73,"column":6},"end":{"line":90,"column":null}},{"start":{"line":73,"column":6},"end":{"line":90,"column":null}}]},"6":{"loc":{"start":{"line":74,"column":8},"end":{"line":74,"column":27}},"type":"binary-expr","locations":[{"start":{"line":74,"column":8},"end":{"line":74,"column":27}},{"start":{"line":75,"column":8},"end":{"line":75,"column":58}}]},"7":{"loc":{"start":{"line":93,"column":6},"end":{"line":101,"column":null}},"type":"if","locations":[{"start":{"line":93,"column":6},"end":{"line":101,"column":null}},{"start":{"line":93,"column":6},"end":{"line":101,"column":null}}]},"8":{"loc":{"start":{"line":102,"column":6},"end":{"line":104,"column":null}},"type":"if","locations":[{"start":{"line":102,"column":6},"end":{"line":104,"column":null}},{"start":{"line":102,"column":6},"end":{"line":104,"column":null}}]},"9":{"loc":{"start":{"line":109,"column":4},"end":{"line":111,"column":null}},"type":"if","locations":[{"start":{"line":109,"column":4},"end":{"line":111,"column":null}},{"start":{"line":109,"column":4},"end":{"line":111,"column":null}}]},"10":{"loc":{"start":{"line":116,"column":4},"end":{"line":118,"column":null}},"type":"if","locations":[{"start":{"line":116,"column":4},"end":{"line":118,"column":null}},{"start":{"line":116,"column":4},"end":{"line":118,"column":null}}]},"11":{"loc":{"start":{"line":123,"column":23},"end":{"line":123,"column":null}},"type":"cond-expr","locations":[{"start":{"line":123,"column":23},"end":{"line":123,"column":null}},{"start":{"line":123,"column":23},"end":{"line":124,"column":49}}]},"12":{"loc":{"start":{"line":122,"column":26},"end":{"line":123,"column":null}},"type":"binary-expr","locations":[{"start":{"line":122,"column":26},"end":{"line":123,"column":null}},{"start":{"line":123,"column":23},"end":{"line":123,"column":null}}]},"13":{"loc":{"start":{"line":126,"column":4},"end":{"line":128,"column":null}},"type":"if","locations":[{"start":{"line":126,"column":4},"end":{"line":128,"column":null}},{"start":{"line":126,"column":4},"end":{"line":128,"column":null}}]},"14":{"loc":{"start":{"line":130,"column":4},"end":{"line":135,"column":null}},"type":"if","locations":[{"start":{"line":130,"column":4},"end":{"line":135,"column":null}},{"start":{"line":130,"column":4},"end":{"line":135,"column":null}}]}},"s":{"0":2,"1":2,"2":2,"3":2,"4":25,"5":19,"6":25,"7":98,"8":25,"9":10,"10":25,"11":84,"12":84,"13":44,"14":44,"15":1,"16":84,"17":25,"18":63,"19":63,"20":40,"21":40,"22":1,"23":63,"24":25,"25":70,"26":70,"27":70,"28":25,"29":86,"30":86,"31":45,"32":45,"33":1,"34":44,"35":41,"36":1,"37":40,"38":21,"39":40,"40":84,"41":84,"42":62,"43":84,"44":25,"45":29,"46":23,"47":6,"48":6,"49":9,"50":6,"51":1,"52":5,"53":1,"54":1,"55":4,"56":4,"57":25,"58":25,"59":25,"60":1,"61":1,"62":9,"63":2},"f":{"0":25,"1":19,"2":98,"3":10,"4":84,"5":44,"6":63,"7":40,"8":70,"9":86,"10":29,"11":9,"12":1,"13":1,"14":9},"b":{"0":[1,43],"1":[1,39],"2":[24,46],"3":[70,70],"4":[45,41],"5":[1,44],"6":[45,2],"7":[1,40],"8":[21,19],"9":[62,22],"10":[23,6],"11":[1,5],"12":[6,6],"13":[1,5],"14":[1,4]}}
,"/Users/bush/vscode/snooty-vscode/src/spigot-server/Project.ts": {"path":"/Users/bush/vscode/snooty-vscode/src/spigot-server/Project.ts","statementMap":{"0":{"start":{"line":1,"column":0},"end":{"line":1,"column":null}},"1":{"start":{"line":15,"column":0},"end":{"line":15,"column":38}},"2":{"start":{"line":16,"column":0},"end":{"line":16,"column":62}},"3":{"start":{"line":21,"column":2},"end":{"line":24,"column":4}},"4":{"start":{"line":22,"column":4},"end":{"line":22,"column":48}},"5":{"start":{"line":23,"column":4},"end":{"line":23,"column":54}},"6":{"start":{"line":26,"column":2},"end":{"line":28,"column":4}},"7":{"start":{"line":27,"column":4},"end":{"line":27,"column":36}},"8":{"start":{"line":34,"column":2},"end":{"line":43,"column":4}},"9":{"start":{"line":35,"column":20},"end":{"line":35,"column":28}},"10":{"start":{"line":37,"column":4},"end":{"line":37,"column":39}},"11":{"start":{"line":39,"column":4},"end":{"line":39,"column":42}},"12":{"start":{"line":40,"column":29},"end":{"line":40,"column":71}},"13":{"start":{"line":41,"column":33},"end":{"line":41,"column":79}},"14":{"start":{"line":42,"column":4},"end":{"line":42,"column":58}},"15":{"start":{"line":45,"column":2},"end":{"line":48,"column":4}},"16":{"start":{"line":46,"column":4},"end":{"line":46,"column":42}},"17":{"start":{"line":47,"column":4},"end":{"line":47,"column":39}},"18":{"start":{"line":50,"column":2},"end":{"line":68,"column":4}},"19":{"start":{"line":51,"column":19},"end":{"line":54,"column":null}},"20":{"start":{"line":57,"column":4},"end":{"line":59,"column":null}},"21":{"start":{"line":58,"column":6},"end":{"line":58,"column":18}},"22":{"start":{"line":61,"column":24},"end":{"line":61,"column":66}},"23":{"start":{"line":63,"column":4},"end":{"line":65,"column":null}},"24":{"start":{"line":64,"column":6},"end":{"line":64,"column":18}},"25":{"start":{"line":67,"column":4},"end":{"line":67,"column":32}},"26":{"start":{"line":70,"column":2},"end":{"line":99,"column":4}},"27":{"start":{"line":71,"column":35},"end":{"line":71,"column":49}},"28":{"start":{"line":72,"column":19},"end":{"line":75,"column":null}},"29":{"start":{"line":78,"column":4},"end":{"line":80,"column":null}},"30":{"start":{"line":79,"column":6},"end":{"line":79,"column":18}},"31":{"start":{"line":82,"column":24},"end":{"line":84,"column":17}},"32":{"start":{"line":86,"column":17},"end":{"line":86,"column":58}},"33":{"start":{"line":88,"column":4},"end":{"line":90,"column":null}},"34":{"start":{"line":89,"column":6},"end":{"line":89,"column":57}},"35":{"start":{"line":92,"column":22},"end":{"line":92,"column":53}},"36":{"start":{"line":92,"column":40},"end":{"line":92,"column":52}},"37":{"start":{"line":94,"column":4},"end":{"line":96,"column":null}},"38":{"start":{"line":95,"column":6},"end":{"line":95,"column":43}},"39":{"start":{"line":98,"column":4},"end":{"line":98,"column":21}},"40":{"start":{"line":101,"column":2},"end":{"line":131,"column":4}},"41":{"start":{"line":104,"column":21},"end":{"line":104,"column":76}},"42":{"start":{"line":105,"column":4},"end":{"line":107,"column":null}},"43":{"start":{"line":106,"column":6},"end":{"line":106,"column":18}},"44":{"start":{"line":109,"column":25},"end":{"line":109,"column":45}},"45":{"start":{"line":112,"column":17},"end":{"line":119,"column":null}},"46":{"start":{"line":122,"column":4},"end":{"line":124,"column":null}},"47":{"start":{"line":123,"column":6},"end":{"line":123,"column":18}},"48":{"start":{"line":126,"column":4},"end":{"line":130,"column":8}},"49":{"start":{"line":126,"column":61},"end":{"line":130,"column":6}},"50":{"start":{"line":133,"column":2},"end":{"line":157,"column":4}},"51":{"start":{"line":134,"column":29},"end":{"line":135,"column":null}},"52":{"start":{"line":138,"column":4},"end":{"line":140,"column":null}},"53":{"start":{"line":139,"column":6},"end":{"line":139,"column":18}},"54":{"start":{"line":142,"column":4},"end":{"line":156,"column":9}},"55":{"start":{"line":145,"column":10},"end":{"line":146,"column":52}},"56":{"start":{"line":149,"column":29},"end":{"line":149,"column":72}},"57":{"start":{"line":150,"column":8},"end":{"line":155,"column":10}},"58":{"start":{"line":159,"column":10},"end":{"line":159,"column":60}},"59":{"start":{"line":160,"column":10},"end":{"line":160,"column":37}},"60":{"start":{"line":31,"column":4},"end":{"line":31,"column":32}},"61":{"start":{"line":20,"column":0},"end":{"line":20,"column":13}}},"fnMap":{"0":{"name":"(anonymous_0)","decl":{"start":{"line":20,"column":0},"end":{"line":20,"column":13}},"loc":{"start":{"line":20,"column":0},"end":{"line":161,"column":1}}},"1":{"name":"(anonymous_1)","decl":{"start":{"line":21,"column":16},"end":{"line":21,"column":17}},"loc":{"start":{"line":21,"column":57},"end":{"line":24,"column":3}}},"2":{"name":"(anonymous_2)","decl":{"start":{"line":26,"column":16},"end":{"line":26,"column":17}},"loc":{"start":{"line":26,"column":63},"end":{"line":28,"column":3}}},"3":{"name":"(anonymous_3)","decl":{"start":{"line":34,"column":19},"end":{"line":34,"column":20}},"loc":{"start":{"line":34,"column":60},"end":{"line":43,"column":3}}},"4":{"name":"(anonymous_4)","decl":{"start":{"line":45,"column":19},"end":{"line":45,"column":20}},"loc":{"start":{"line":45,"column":49},"end":{"line":48,"column":3}}},"5":{"name":"(anonymous_5)","decl":{"start":{"line":50,"column":19},"end":{"line":50,"column":20}},"loc":{"start":{"line":50,"column":66},"end":{"line":68,"column":3}}},"6":{"name":"(anonymous_6)","decl":{"start":{"line":70,"column":18},"end":{"line":70,"column":19}},"loc":{"start":{"line":70,"column":65},"end":{"line":99,"column":3}}},"7":{"name":"(anonymous_7)","decl":{"start":{"line":92,"column":31},"end":{"line":92,"column":32}},"loc":{"start":{"line":92,"column":40},"end":{"line":92,"column":52}}},"8":{"name":"(anonymous_8)","decl":{"start":{"line":101,"column":19},"end":{"line":101,"column":null}},"loc":{"start":{"line":103,"column":31},"end":{"line":131,"column":3}}},"9":{"name":"(anonymous_9)","decl":{"start":{"line":126,"column":43},"end":{"line":126,"column":44}},"loc":{"start":{"line":126,"column":61},"end":{"line":130,"column":6}}},"10":{"name":"(anonymous_10)","decl":{"start":{"line":133,"column":21},"end":{"line":133,"column":22}},"loc":{"start":{"line":133,"column":75},"end":{"line":157,"column":3}}},"11":{"name":"(anonymous_11)","decl":{"start":{"line":144,"column":8},"end":{"line":144,"column":9}},"loc":{"start":{"line":145,"column":10},"end":{"line":146,"column":52}}},"12":{"name":"(anonymous_12)","decl":{"start":{"line":148,"column":11},"end":{"line":148,"column":12}},"loc":{"start":{"line":148,"column":22},"end":{"line":156,"column":7}}},"13":{"name":"(anonymous_13)","decl":{"start":{"line":30,"column":2},"end":{"line":30,"column":6}},"loc":{"start":{"line":30,"column":19},"end":{"line":32,"column":3}}}},"branchMap":{"0":{"loc":{"start":{"line":57,"column":4},"end":{"line":59,"column":null}},"type":"if","locations":[{"start":{"line":57,"column":4},"end":{"line":59,"column":null}},{"start":{"line":57,"column":4},"end":{"line":59,"column":null}}]},"1":{"loc":{"start":{"line":63,"column":4},"end":{"line":65,"column":null}},"type":"if","locations":[{"start":{"line":63,"column":4},"end":{"line":65,"column":null}},{"start":{"line":63,"column":4},"end":{"line":65,"column":null}}]},"2":{"loc":{"start":{"line":78,"column":4},"end":{"line":80,"column":null}},"type":"if","locations":[{"start":{"line":78,"column":4},"end":{"line":80,"column":null}},{"start":{"line":78,"column":4},"end":{"line":80,"column":null}}]},"3":{"loc":{"start":{"line":83,"column":8},"end":{"line":83,"column":50}},"type":"cond-expr","locations":[{"start":{"line":83,"column":8},"end":{"line":83,"column":50}},{"start":{"line":84,"column":8},"end":{"line":84,"column":17}}]},"4":{"loc":{"start":{"line":88,"column":4},"end":{"line":90,"column":null}},"type":"if","locations":[{"start":{"line":88,"column":4},"end":{"line":90,"column":null}},{"start":{"line":88,"column":4},"end":{"line":90,"column":null}}]},"5":{"loc":{"start":{"line":89,"column":27},"end":{"line":89,"column":49}},"type":"cond-expr","locations":[{"start":{"line":89,"column":27},"end":{"line":89,"column":49}},{"start":{"line":89,"column":52},"end":{"line":89,"column":56}}]},"6":{"loc":{"start":{"line":94,"column":4},"end":{"line":96,"column":null}},"type":"if","locations":[{"start":{"line":94,"column":4},"end":{"line":96,"column":null}},{"start":{"line":94,"column":4},"end":{"line":96,"column":null}}]},"7":{"loc":{"start":{"line":105,"column":4},"end":{"line":107,"column":null}},"type":"if","locations":[{"start":{"line":105,"column":4},"end":{"line":107,"column":null}},{"start":{"line":105,"column":4},"end":{"line":107,"column":null}}]},"8":{"loc":{"start":{"line":122,"column":4},"end":{"line":124,"column":null}},"type":"if","locations":[{"start":{"line":122,"column":4},"end":{"line":124,"column":null}},{"start":{"line":122,"column":4},"end":{"line":124,"column":null}}]},"9":{"loc":{"start":{"line":138,"column":4},"end":{"line":140,"column":null}},"type":"if","locations":[{"start":{"line":138,"column":4},"end":{"line":140,"column":null}},{"start":{"line":138,"column":4},"end":{"line":140,"column":null}}]},"10":{"loc":{"start":{"line":145,"column":10},"end":{"line":145,"column":37}},"type":"binary-expr","locations":[{"start":{"line":145,"column":10},"end":{"line":145,"column":37}},{"start":{"line":146,"column":10},"end":{"line":146,"column":52}}]}},"s":{"0":1,"1":1,"2":1,"3":20,"4":21,"5":21,"6":20,"7":19,"8":20,"9":61,"10":61,"11":61,"12":61,"13":61,"14":61,"15":20,"16":9,"17":9,"18":20,"19":7,"20":7,"21":2,"22":5,"23":5,"24":1,"25":4,"26":20,"27":8,"28":8,"29":8,"30":1,"31":7,"32":7,"33":7,"34":2,"35":5,"36":9,"37":5,"38":1,"39":5,"40":20,"41":3,"42":3,"43":1,"44":2,"45":2,"46":2,"47":1,"48":1,"49":1,"50":20,"51":2,"52":2,"53":1,"54":1,"55":2,"56":1,"57":1,"58":20,"59":20,"60":35,"61":1},"f":{"0":20,"1":21,"2":19,"3":61,"4":9,"5":7,"6":8,"7":9,"8":3,"9":1,"10":2,"11":2,"12":1,"13":35},"b":{"0":[2,5],"1":[1,4],"2":[1,7],"3":[2,5],"4":[2,5],"5":[1,1],"6":[1,4],"7":[1,2],"8":[1,1],"9":[1,1],"10":[2,1]}}
,"/Users/bush/vscode/snooty-vscode/src/spigot-server/findEntities.ts": {"path":"/Users/bush/vscode/snooty-vscode/src/spigot-server/findEntities.ts","statementMap":{"0":{"start":{"line":2,"column":0},"end":{"line":2,"column":50}},"1":{"start":{"line":11,"column":18},"end":{"line":11,"column":26}},"2":{"start":{"line":12,"column":15},"end":{"line":12,"column":33}},"3":{"start":{"line":13,"column":26},"end":{"line":13,"column":28}},"4":{"start":{"line":15,"column":2},"end":{"line":42,"column":5}},"5":{"start":{"line":18,"column":4},"end":{"line":41,"column":null}},"6":{"start":{"line":19,"column":20},"end":{"line":22,"column":8}},"7":{"start":{"line":25,"column":6},"end":{"line":27,"column":null}},"8":{"start":{"line":26,"column":8},"end":{"line":26,"column":17}},"9":{"start":{"line":29,"column":20},"end":{"line":29,"column":24}},"10":{"start":{"line":31,"column":29},"end":{"line":38,"column":8}},"11":{"start":{"line":40,"column":6},"end":{"line":40,"column":25}},"12":{"start":{"line":44,"column":2},"end":{"line":51,"column":null}},"13":{"start":{"line":46,"column":4},"end":{"line":50,"column":6}},"14":{"start":{"line":48,"column":8},"end":{"line":49,"column":49}},"15":{"start":{"line":53,"column":2},"end":{"line":53,"column":15}},"16":{"start":{"line":6,"column":0},"end":{"line":6,"column":16}}},"fnMap":{"0":{"name":"findEntities","decl":{"start":{"line":6,"column":16},"end":{"line":6,"column":28}},"loc":{"start":{"line":9,"column":24},"end":{"line":54,"column":1}}},"1":{"name":"(anonymous_1)","decl":{"start":{"line":15,"column":19},"end":{"line":15,"column":20}},"loc":{"start":{"line":15,"column":31},"end":{"line":42,"column":3}}},"2":{"name":"(anonymous_2)","decl":{"start":{"line":47,"column":6},"end":{"line":47,"column":7}},"loc":{"start":{"line":48,"column":8},"end":{"line":49,"column":49}}}},"branchMap":{"0":{"loc":{"start":{"line":25,"column":6},"end":{"line":27,"column":null}},"type":"if","locations":[{"start":{"line":25,"column":6},"end":{"line":27,"column":null}},{"start":{"line":25,"column":6},"end":{"line":27,"column":null}}]},"1":{"loc":{"start":{"line":44,"column":2},"end":{"line":51,"column":null}},"type":"if","locations":[{"start":{"line":44,"column":2},"end":{"line":51,"column":null}},{"start":{"line":44,"column":2},"end":{"line":51,"column":null}}]}},"s":{"0":4,"1":157,"2":157,"3":157,"4":157,"5":227,"6":99,"7":99,"8":3,"9":96,"10":96,"11":96,"12":157,"13":70,"14":9,"15":157,"16":4},"f":{"0":157,"1":227,"2":9},"b":{"0":[3,96],"1":[70,87]}}
,"/Users/bush/vscode/snooty-vscode/src/spigot-server/findEntityAtPosition.ts": {"path":"/Users/bush/vscode/snooty-vscode/src/spigot-server/findEntityAtPosition.ts","statementMap":{"0":{"start":{"line":12,"column":2},"end":{"line":14,"column":null}},"1":{"start":{"line":13,"column":4},"end":{"line":13,"column":16}},"2":{"start":{"line":16,"column":29},"end":{"line":16,"column":73}},"3":{"start":{"line":17,"column":2},"end":{"line":19,"column":null}},"4":{"start":{"line":18,"column":4},"end":{"line":18,"column":16}},"5":{"start":{"line":21,"column":17},"end":{"line":21,"column":44}},"6":{"start":{"line":24,"column":2},"end":{"line":31,"column":4}},"7":{"start":{"line":26,"column":24},"end":{"line":26,"column":32}},"8":{"start":{"line":27,"column":20},"end":{"line":27,"column":50}},"9":{"start":{"line":28,"column":18},"end":{"line":28,"column":46}},"10":{"start":{"line":29,"column":6},"end":{"line":29,"column":45}},"11":{"start":{"line":7,"column":0},"end":{"line":7,"column":16}}},"fnMap":{"0":{"name":"findEntityAtPosition","decl":{"start":{"line":7,"column":16},"end":{"line":7,"column":36}},"loc":{"start":{"line":10,"column":20},"end":{"line":32,"column":1}}},"1":{"name":"(anonymous_1)","decl":{"start":{"line":25,"column":28},"end":{"line":25,"column":29}},"loc":{"start":{"line":25,"column":45},"end":{"line":30,"column":5}}}},"branchMap":{"0":{"loc":{"start":{"line":12,"column":2},"end":{"line":14,"column":null}},"type":"if","locations":[{"start":{"line":12,"column":2},"end":{"line":14,"column":null}},{"start":{"line":12,"column":2},"end":{"line":14,"column":null}}]},"1":{"loc":{"start":{"line":17,"column":2},"end":{"line":19,"column":null}},"type":"if","locations":[{"start":{"line":17,"column":2},"end":{"line":19,"column":null}},{"start":{"line":17,"column":2},"end":{"line":19,"column":null}}]},"2":{"loc":{"start":{"line":30,"column":6},"end":{"line":30,"column":10}},"type":"cond-expr","locations":[{"start":{"line":30,"column":6},"end":{"line":30,"column":10}},{"start":{"line":30,"column":10},"end":{"line":30,"column":14}}]},"3":{"loc":{"start":{"line":24,"column":9},"end":{"line":30,"column":10}},"type":"binary-expr","locations":[{"start":{"line":24,"column":9},"end":{"line":30,"column":10}},{"start":{"line":30,"column":6},"end":{"line":30,"column":10}}]},"4":{"loc":{"start":{"line":29,"column":13},"end":{"line":29,"column":28}},"type":"binary-expr","locations":[{"start":{"line":29,"column":13},"end":{"line":29,"column":28}},{"start":{"line":29,"column":32},"end":{"line":29,"column":44}}]}},"s":{"0":15,"1":1,"2":14,"3":14,"4":1,"5":13,"6":13,"7":16,"8":16,"9":16,"10":16,"11":1},"f":{"0":15,"1":16},"b":{"0":[1,14],"1":[1,13],"2":[12,1],"3":[13,13],"4":[16,15]}}
,"/Users/bush/vscode/snooty-vscode/src/spigot-server/findLabels.ts": {"path":"/Users/bush/vscode/snooty-vscode/src/spigot-server/findLabels.ts","statementMap":{"0":{"start":{"line":3,"column":0},"end":{"line":3,"column":46}},"1":{"start":{"line":7,"column":2},"end":{"line":7,"column":68}},"2":{"start":{"line":6,"column":0},"end":{"line":6,"column":16}}},"fnMap":{"0":{"name":"findLabels","decl":{"start":{"line":6,"column":16},"end":{"line":6,"column":26}},"loc":{"start":{"line":6,"column":49},"end":{"line":8,"column":1}}}},"branchMap":{},"s":{"0":3,"1":87,"2":3},"f":{"0":87},"b":{}}
,"/Users/bush/vscode/snooty-vscode/src/spigot-server/findReferences.ts": {"path":"/Users/bush/vscode/snooty-vscode/src/spigot-server/findReferences.ts","statementMap":{"0":{"start":{"line":3,"column":0},"end":{"line":3,"column":46}},"1":{"start":{"line":7,"column":2},"end":{"line":17,"column":4}},"2":{"start":{"line":6,"column":0},"end":{"line":6,"column":16}}},"fnMap":{"0":{"name":"findReferences","decl":{"start":{"line":6,"column":16},"end":{"line":6,"column":30}},"loc":{"start":{"line":6,"column":53},"end":{"line":18,"column":1}}}},"branchMap":{},"s":{"0":3,"1":70,"2":3},"f":{"0":70},"b":{}}
,"/Users/bush/vscode/snooty-vscode/src/spigot-server/isCommentedOut.ts": {"path":"/Users/bush/vscode/snooty-vscode/src/spigot-server/isCommentedOut.ts","statementMap":{"0":{"start":{"line":2,"column":0},"end":{"line":2,"column":63}},"1":{"start":{"line":9,"column":2},"end":{"line":11,"column":null}},"2":{"start":{"line":10,"column":4},"end":{"line":10,"column":17}},"3":{"start":{"line":14,"column":24},"end":{"line":17,"column":4}},"4":{"start":{"line":19,"column":2},"end":{"line":19,"column":38}},"5":{"start":{"line":5,"column":0},"end":{"line":5,"column":16}}},"fnMap":{"0":{"name":"isCommentedOut","decl":{"start":{"line":5,"column":16},"end":{"line":5,"column":30}},"loc":{"start":{"line":7,"column":14},"end":{"line":20,"column":1}}}},"branchMap":{"0":{"loc":{"start":{"line":9,"column":2},"end":{"line":11,"column":null}},"type":"if","locations":[{"start":{"line":9,"column":2},"end":{"line":11,"column":null}},{"start":{"line":9,"column":2},"end":{"line":11,"column":null}}]}},"s":{"0":4,"1":99,"2":46,"3":53,"4":53,"5":4},"f":{"0":99},"b":{"0":[46,53]}}
}
