TN:
SF:src/spigot-server/Entities.ts
FN:13,(anonymous_0)
FN:22,(anonymous_1)
FN:26,(anonymous_2)
FN:30,(anonymous_3)
FN:36,(anonymous_4)
FN:38,(anonymous_5)
FN:49,(anonymous_6)
FN:51,(anonymous_7)
FN:62,(anonymous_8)
FN:69,(anonymous_9)
FN:115,(anonymous_10)
FN:124,(anonymous_11)
FN:14,(anonymous_12)
FN:15,(anonymous_13)
FN:18,(anonymous_14)
FNF:15
FNH:15
FNDA:25,(anonymous_0)
FNDA:19,(anonymous_1)
FNDA:98,(anonymous_2)
FNDA:10,(anonymous_3)
FNDA:84,(anonymous_4)
FNDA:44,(anonymous_5)
FNDA:63,(anonymous_6)
FNDA:40,(anonymous_7)
FNDA:70,(anonymous_8)
FNDA:86,(anonymous_9)
FNDA:29,(anonymous_10)
FNDA:9,(anonymous_11)
FNDA:1,(anonymous_12)
FNDA:1,(anonymous_13)
FNDA:9,(anonymous_14)
DA:1,2
DA:7,2
DA:9,2
DA:10,2
DA:13,2
DA:15,1
DA:19,9
DA:22,25
DA:23,19
DA:26,25
DA:27,98
DA:30,25
DA:31,10
DA:36,25
DA:37,84
DA:38,84
DA:39,44
DA:40,44
DA:41,1
DA:44,84
DA:49,25
DA:50,63
DA:51,63
DA:52,40
DA:53,40
DA:54,1
DA:57,63
DA:62,25
DA:63,70
DA:64,70
DA:65,70
DA:69,25
DA:70,86
DA:71,86
DA:72,45
DA:73,45
DA:78,1
DA:91,44
DA:93,41
DA:95,1
DA:102,40
DA:103,21
DA:105,40
DA:108,84
DA:109,84
DA:110,62
DA:112,84
DA:115,25
DA:116,29
DA:117,23
DA:120,6
DA:122,6
DA:124,9
DA:126,6
DA:127,1
DA:130,5
DA:133,1
DA:134,1
DA:138,4
DA:139,4
DA:142,25
DA:143,25
DA:144,25
LF:63
LH:63
BRDA:40,0,0,1
BRDA:40,0,1,43
BRDA:53,1,0,1
BRDA:53,1,1,39
BRDA:63,2,0,24
BRDA:63,2,1,46
BRDA:63,3,0,70
BRDA:63,3,1,70
BRDA:71,4,0,45
BRDA:71,4,1,41
BRDA:73,5,0,1
BRDA:73,5,1,44
BRDA:74,6,0,45
BRDA:74,6,1,2
BRDA:93,7,0,1
BRDA:93,7,1,40
BRDA:102,8,0,21
BRDA:102,8,1,19
BRDA:109,9,0,62
BRDA:109,9,1,22
BRDA:116,10,0,23
BRDA:116,10,1,6
BRDA:123,11,0,1
BRDA:123,11,1,5
BRDA:122,12,0,6
BRDA:122,12,1,6
BRDA:126,13,0,1
BRDA:126,13,1,5
BRDA:130,14,0,1
BRDA:130,14,1,4
BRF:30
BRH:30
end_of_record
TN:
SF:src/spigot-server/Project.ts
FN:20,(anonymous_0)
FN:21,(anonymous_1)
FN:26,(anonymous_2)
FN:34,(anonymous_3)
FN:45,(anonymous_4)
FN:50,(anonymous_5)
FN:70,(anonymous_6)
FN:92,(anonymous_7)
FN:101,(anonymous_8)
FN:126,(anonymous_9)
FN:133,(anonymous_10)
FN:144,(anonymous_11)
FN:148,(anonymous_12)
FN:30,(anonymous_13)
FNF:14
FNH:14
FNDA:20,(anonymous_0)
FNDA:21,(anonymous_1)
FNDA:19,(anonymous_2)
FNDA:61,(anonymous_3)
FNDA:9,(anonymous_4)
FNDA:7,(anonymous_5)
FNDA:8,(anonymous_6)
FNDA:9,(anonymous_7)
FNDA:3,(anonymous_8)
FNDA:1,(anonymous_9)
FNDA:2,(anonymous_10)
FNDA:2,(anonymous_11)
FNDA:1,(anonymous_12)
FNDA:35,(anonymous_13)
DA:1,1
DA:15,1
DA:16,1
DA:20,1
DA:21,20
DA:22,21
DA:23,21
DA:26,20
DA:27,19
DA:31,35
DA:34,20
DA:35,61
DA:37,61
DA:39,61
DA:40,61
DA:41,61
DA:42,61
DA:45,20
DA:46,9
DA:47,9
DA:50,20
DA:51,7
DA:57,7
DA:58,2
DA:61,5
DA:63,5
DA:64,1
DA:67,4
DA:70,20
DA:71,8
DA:72,8
DA:78,8
DA:79,1
DA:82,7
DA:86,7
DA:88,7
DA:89,2
DA:92,9
DA:94,5
DA:95,1
DA:98,5
DA:101,20
DA:104,3
DA:105,3
DA:106,1
DA:109,2
DA:112,2
DA:122,2
DA:123,1
DA:126,1
DA:133,20
DA:134,2
DA:138,2
DA:139,1
DA:142,1
DA:145,2
DA:149,1
DA:150,1
DA:159,20
DA:160,20
LF:60
LH:60
BRDA:57,0,0,2
BRDA:57,0,1,5
BRDA:63,1,0,1
BRDA:63,1,1,4
BRDA:78,2,0,1
BRDA:78,2,1,7
BRDA:83,3,0,2
BRDA:83,3,1,5
BRDA:88,4,0,2
BRDA:88,4,1,5
BRDA:89,5,0,1
BRDA:89,5,1,1
BRDA:94,6,0,1
BRDA:94,6,1,4
BRDA:105,7,0,1
BRDA:105,7,1,2
BRDA:122,8,0,1
BRDA:122,8,1,1
BRDA:138,9,0,1
BRDA:138,9,1,1
BRDA:145,10,0,2
BRDA:145,10,1,1
BRF:22
BRH:22
end_of_record
TN:
SF:src/spigot-server/findEntities.ts
FN:6,findEntities
FN:15,(anonymous_1)
FN:47,(anonymous_2)
FNF:3
FNH:3
FNDA:157,findEntities
FNDA:227,(anonymous_1)
FNDA:9,(anonymous_2)
DA:2,4
DA:6,4
DA:11,157
DA:12,157
DA:13,157
DA:15,157
DA:18,227
DA:19,99
DA:25,99
DA:26,3
DA:29,96
DA:31,96
DA:40,96
DA:44,157
DA:46,70
DA:48,9
DA:53,157
LF:17
LH:17
BRDA:25,0,0,3
BRDA:25,0,1,96
BRDA:44,1,0,70
BRDA:44,1,1,87
BRF:4
BRH:4
end_of_record
TN:
SF:src/spigot-server/findEntityAtPosition.ts
FN:7,findEntityAtPosition
FN:25,(anonymous_1)
FNF:2
FNH:2
FNDA:15,findEntityAtPosition
FNDA:16,(anonymous_1)
DA:7,1
DA:12,15
DA:13,1
DA:16,14
DA:17,14
DA:18,1
DA:21,13
DA:24,13
DA:26,16
DA:27,16
DA:28,16
DA:29,16
LF:12
LH:12
BRDA:12,0,0,1
BRDA:12,0,1,14
BRDA:17,1,0,1
BRDA:17,1,1,13
BRDA:30,2,0,12
BRDA:30,2,1,1
BRDA:24,3,0,13
BRDA:24,3,1,13
BRDA:29,4,0,16
BRDA:29,4,1,15
BRF:10
BRH:10
end_of_record
TN:
SF:src/spigot-server/findLabels.ts
FN:6,findLabels
FNF:1
FNH:1
FNDA:87,findLabels
DA:3,3
DA:6,3
DA:7,87
LF:3
LH:3
BRF:0
BRH:0
end_of_record
TN:
SF:src/spigot-server/findReferences.ts
FN:6,findReferences
FNF:1
FNH:1
FNDA:70,findReferences
DA:3,3
DA:6,3
DA:7,70
LF:3
LH:3
BRF:0
BRH:0
end_of_record
TN:
SF:src/spigot-server/isCommentedOut.ts
FN:5,isCommentedOut
FNF:1
FNH:1
FNDA:99,isCommentedOut
DA:2,4
DA:5,4
DA:9,99
DA:10,46
DA:14,53
DA:19,53
LF:6
LH:6
BRDA:9,0,0,46
BRDA:9,0,1,53
BRF:2
BRH:2
end_of_record
